ARM GAS  C:\Users\28470\AppData\Local\Temp\ccEc2H8C.s 			page 1


   1              		.cpu cortex-m3
   2              		.arch armv7-m
   3              		.fpu softvfp
   4              		.eabi_attribute 20, 1
   5              		.eabi_attribute 21, 1
   6              		.eabi_attribute 23, 3
   7              		.eabi_attribute 24, 1
   8              		.eabi_attribute 25, 1
   9              		.eabi_attribute 26, 1
  10              		.eabi_attribute 30, 1
  11              		.eabi_attribute 34, 1
  12              		.eabi_attribute 18, 4
  13              		.file	"bsp_key.c"
  14              		.text
  15              	.Ltext0:
  16              		.cfi_sections	.debug_frame
  17              		.section	.text.tim3_int_init,"ax",%progbits
  18              		.align	1
  19              		.global	tim3_int_init
  20              		.syntax unified
  21              		.thumb
  22              		.thumb_func
  24              	tim3_int_init:
  25              	.LVL0:
  26              	.LFB29:
  27              		.file 1 "../bsp/bsp_key.c"
   1:../bsp/bsp_key.c **** #include "bsp_key.h"
   2:../bsp/bsp_key.c **** #include "pal_button.h"
   3:../bsp/bsp_key.c **** #include "rgb_drv.h" 
   4:../bsp/bsp_key.c **** // »´æ÷±‰¡ø£¨”√”⁄º«¬ºµ±«∞ ±º‰
   5:../bsp/bsp_key.c **** volatile uint32_t current_time_ms = 0;
   6:../bsp/bsp_key.c **** uint32_t current_time_5ms = 0;
   7:../bsp/bsp_key.c **** void tim3_int_init(u16 arr,u16 psc)
   8:../bsp/bsp_key.c **** {
  28              		.loc 1 8 1 view -0
  29              		.cfi_startproc
  30              		@ args = 0, pretend = 0, frame = 16
  31              		@ frame_needed = 0, uses_anonymous_args = 0
  32              		.loc 1 8 1 is_stmt 0 view .LVU1
  33 0000 30B5     		push	{r4, r5, lr}
  34              	.LCFI0:
  35              		.cfi_def_cfa_offset 12
  36              		.cfi_offset 4, -12
  37              		.cfi_offset 5, -8
  38              		.cfi_offset 14, -4
  39 0002 85B0     		sub	sp, sp, #20
  40              	.LCFI1:
  41              		.cfi_def_cfa_offset 32
  42 0004 0546     		mov	r5, r0
  43 0006 0C46     		mov	r4, r1
   9:../bsp/bsp_key.c ****     TIM_TimeBaseInitTypeDef  TIM_TimeBaseStructure;
  44              		.loc 1 9 5 is_stmt 1 view .LVU2
  10:../bsp/bsp_key.c **** 	NVIC_InitTypeDef NVIC_InitStructure;
  45              		.loc 1 10 2 view .LVU3
  11:../bsp/bsp_key.c **** 
  12:../bsp/bsp_key.c **** 	RCC_APB1PeriphClockCmd(RCC_APB1Periph_TIM3, ENABLE); // ±÷” πƒ‹
  46              		.loc 1 12 2 view .LVU4
ARM GAS  C:\Users\28470\AppData\Local\Temp\ccEc2H8C.s 			page 2


  47 0008 0121     		movs	r1, #1
  48              	.LVL1:
  49              		.loc 1 12 2 is_stmt 0 view .LVU5
  50 000a 0220     		movs	r0, #2
  51              	.LVL2:
  52              		.loc 1 12 2 view .LVU6
  53 000c FFF7FEFF 		bl	RCC_APB1PeriphClockCmd
  54              	.LVL3:
  13:../bsp/bsp_key.c **** 
  14:../bsp/bsp_key.c **** 	TIM_TimeBaseStructure.TIM_Period = arr; //…Ë÷√‘⁄œ¬“ª∏ˆ∏¸–¬ ¬º˛◊∞»ÎªÓ∂Øµƒ◊‘∂Ø÷ÿ◊∞‘ÿºƒ¥Ê∆˜÷‹∆⁄µƒ÷µ	 
  55              		.loc 1 14 2 is_stmt 1 view .LVU7
  56              		.loc 1 14 35 is_stmt 0 view .LVU8
  57 0010 ADF80850 		strh	r5, [sp, #8]	@ movhi
  15:../bsp/bsp_key.c **** 	TIM_TimeBaseStructure.TIM_Prescaler =psc; //…Ë÷√”√¿¥◊˜Œ™TIMx ±÷”∆µ¬ ≥˝ ˝µƒ‘§∑÷∆µ÷µ  10Khzµƒº∆ ˝∆µ¬
  58              		.loc 1 15 2 is_stmt 1 view .LVU9
  59              		.loc 1 15 38 is_stmt 0 view .LVU10
  60 0014 ADF80440 		strh	r4, [sp, #4]	@ movhi
  16:../bsp/bsp_key.c **** 	TIM_TimeBaseStructure.TIM_ClockDivision = 0; //…Ë÷√ ±÷”∑÷∏Ó:TDTS = Tck_tim
  61              		.loc 1 16 2 is_stmt 1 view .LVU11
  62              		.loc 1 16 42 is_stmt 0 view .LVU12
  63 0018 0025     		movs	r5, #0
  64 001a ADF80A50 		strh	r5, [sp, #10]	@ movhi
  17:../bsp/bsp_key.c **** 	TIM_TimeBaseStructure.TIM_CounterMode = TIM_CounterMode_Up;  //TIMœÚ…œº∆ ˝ƒ£ Ω
  65              		.loc 1 17 2 is_stmt 1 view .LVU13
  66              		.loc 1 17 40 is_stmt 0 view .LVU14
  67 001e ADF80650 		strh	r5, [sp, #6]	@ movhi
  18:../bsp/bsp_key.c **** 	TIM_TimeBaseInit(TIM3, &TIM_TimeBaseStructure); //∏˘æ›TIM_TimeBaseInitStruct÷–÷∏∂®µƒ≤Œ ˝≥ı ºªØTIMx
  68              		.loc 1 18 2 is_stmt 1 view .LVU15
  69 0022 0F4C     		ldr	r4, .L3
  70 0024 01A9     		add	r1, sp, #4
  71 0026 2046     		mov	r0, r4
  72 0028 FFF7FEFF 		bl	TIM_TimeBaseInit
  73              	.LVL4:
  19:../bsp/bsp_key.c ****  
  20:../bsp/bsp_key.c **** 	TIM_ITConfig(  // πƒ‹ªÚ’ﬂ ßƒ‹÷∏∂®µƒTIM÷–∂œ
  74              		.loc 1 20 2 view .LVU16
  75 002c 0122     		movs	r2, #1
  76 002e 1146     		mov	r1, r2
  77 0030 2046     		mov	r0, r4
  78 0032 FFF7FEFF 		bl	TIM_ITConfig
  79              	.LVL5:
  21:../bsp/bsp_key.c **** 		TIM3, //TIM2
  22:../bsp/bsp_key.c **** 		TIM_IT_Update ,
  23:../bsp/bsp_key.c **** 		ENABLE  // πƒ‹
  24:../bsp/bsp_key.c **** 		);
  25:../bsp/bsp_key.c **** 	NVIC_InitStructure.NVIC_IRQChannel = TIM3_IRQn;  //TIM3÷–∂œ
  80              		.loc 1 25 2 view .LVU17
  81              		.loc 1 25 37 is_stmt 0 view .LVU18
  82 0036 1D23     		movs	r3, #29
  83 0038 8DF80030 		strb	r3, [sp]
  26:../bsp/bsp_key.c **** 	NVIC_InitStructure.NVIC_IRQChannelPreemptionPriority = 0;  //œ»’º”≈œ»º∂0º∂
  84              		.loc 1 26 2 is_stmt 1 view .LVU19
  85              		.loc 1 26 55 is_stmt 0 view .LVU20
  86 003c 8DF80150 		strb	r5, [sp, #1]
  27:../bsp/bsp_key.c **** 	NVIC_InitStructure.NVIC_IRQChannelSubPriority = 3;  //¥””≈œ»º∂3º∂
  87              		.loc 1 27 2 is_stmt 1 view .LVU21
  88              		.loc 1 27 48 is_stmt 0 view .LVU22
ARM GAS  C:\Users\28470\AppData\Local\Temp\ccEc2H8C.s 			page 3


  89 0040 0323     		movs	r3, #3
  90 0042 8DF80230 		strb	r3, [sp, #2]
  28:../bsp/bsp_key.c **** 	NVIC_InitStructure.NVIC_IRQChannelCmd = ENABLE; //IRQÕ®µ¿±ª πƒ‹
  91              		.loc 1 28 2 is_stmt 1 view .LVU23
  92              		.loc 1 28 40 is_stmt 0 view .LVU24
  93 0046 0125     		movs	r5, #1
  94 0048 8DF80350 		strb	r5, [sp, #3]
  29:../bsp/bsp_key.c **** 	NVIC_Init(&NVIC_InitStructure);  //∏˘æ›NVIC_InitStruct÷–÷∏∂®µƒ≤Œ ˝≥ı ºªØÕ‚…ËNVICºƒ¥Ê∆˜
  95              		.loc 1 29 2 is_stmt 1 view .LVU25
  96 004c 6846     		mov	r0, sp
  97 004e FFF7FEFF 		bl	NVIC_Init
  98              	.LVL6:
  30:../bsp/bsp_key.c **** 
  31:../bsp/bsp_key.c **** 	TIM_Cmd(TIM3, ENABLE);  // πƒ‹TIMxÕ‚…Ë
  99              		.loc 1 31 2 view .LVU26
 100 0052 2946     		mov	r1, r5
 101 0054 2046     		mov	r0, r4
 102 0056 FFF7FEFF 		bl	TIM_Cmd
 103              	.LVL7:
  32:../bsp/bsp_key.c **** 							 
  33:../bsp/bsp_key.c **** }
 104              		.loc 1 33 1 is_stmt 0 view .LVU27
 105 005a 05B0     		add	sp, sp, #20
 106              	.LCFI2:
 107              		.cfi_def_cfa_offset 12
 108              		@ sp needed
 109 005c 30BD     		pop	{r4, r5, pc}
 110              	.L4:
 111 005e 00BF     		.align	2
 112              	.L3:
 113 0060 00040040 		.word	1073742848
 114              		.cfi_endproc
 115              	.LFE29:
 117              		.section	.text.TIM3_IRQHandler,"ax",%progbits
 118              		.align	1
 119              		.global	TIM3_IRQHandler
 120              		.syntax unified
 121              		.thumb
 122              		.thumb_func
 124              	TIM3_IRQHandler:
 125              	.LFB30:
  34:../bsp/bsp_key.c **** 
  35:../bsp/bsp_key.c **** void TIM3_IRQHandler(void)   //TIM3÷–∂œ
  36:../bsp/bsp_key.c **** {
 126              		.loc 1 36 1 is_stmt 1 view -0
 127              		.cfi_startproc
 128              		@ args = 0, pretend = 0, frame = 0
 129              		@ frame_needed = 0, uses_anonymous_args = 0
 130 0000 08B5     		push	{r3, lr}
 131              	.LCFI3:
 132              		.cfi_def_cfa_offset 8
 133              		.cfi_offset 3, -8
 134              		.cfi_offset 14, -4
  37:../bsp/bsp_key.c **** 	if (TIM_GetITStatus(TIM3, TIM_IT_Update) != RESET) //ºÏ≤È÷∏∂®µƒTIM÷–∂œ∑¢…˙”Î∑Ò:TIM ÷–∂œ‘¥ 
 135              		.loc 1 37 2 view .LVU29
 136              		.loc 1 37 6 is_stmt 0 view .LVU30
 137 0002 0121     		movs	r1, #1
ARM GAS  C:\Users\28470\AppData\Local\Temp\ccEc2H8C.s 			page 4


 138 0004 0D48     		ldr	r0, .L11
 139 0006 FFF7FEFF 		bl	TIM_GetITStatus
 140              	.LVL8:
 141              		.loc 1 37 5 view .LVU31
 142 000a 00B9     		cbnz	r0, .L9
 143              	.L5:
  38:../bsp/bsp_key.c **** 		{
  39:../bsp/bsp_key.c **** 			TIM_ClearITPendingBit(TIM3, TIM_IT_Update  );  //«Â≥˝TIMxµƒ÷–∂œ¥˝¥¶¿ÌŒª:TIM ÷–∂œ‘¥ 
  40:../bsp/bsp_key.c **** 			rgb_scan();
  41:../bsp/bsp_key.c **** 			current_time_5ms++;
  42:../bsp/bsp_key.c **** 			if(current_time_5ms == 5)
  43:../bsp/bsp_key.c **** 			{
  44:../bsp/bsp_key.c **** 				current_time_5ms = 0;
  45:../bsp/bsp_key.c **** 				button_scan();
  46:../bsp/bsp_key.c **** 			}
  47:../bsp/bsp_key.c **** 			current_time_ms += 1;
  48:../bsp/bsp_key.c **** 		}
  49:../bsp/bsp_key.c **** }
 144              		.loc 1 49 1 view .LVU32
 145 000c 08BD     		pop	{r3, pc}
 146              	.L9:
  39:../bsp/bsp_key.c **** 			rgb_scan();
 147              		.loc 1 39 4 is_stmt 1 view .LVU33
 148 000e 0121     		movs	r1, #1
 149 0010 0A48     		ldr	r0, .L11
 150 0012 FFF7FEFF 		bl	TIM_ClearITPendingBit
 151              	.LVL9:
  40:../bsp/bsp_key.c **** 			current_time_5ms++;
 152              		.loc 1 40 4 view .LVU34
 153 0016 FFF7FEFF 		bl	rgb_scan
 154              	.LVL10:
  41:../bsp/bsp_key.c **** 			if(current_time_5ms == 5)
 155              		.loc 1 41 4 view .LVU35
  41:../bsp/bsp_key.c **** 			if(current_time_5ms == 5)
 156              		.loc 1 41 20 is_stmt 0 view .LVU36
 157 001a 094A     		ldr	r2, .L11+4
 158 001c 1368     		ldr	r3, [r2]
 159 001e 0133     		adds	r3, r3, #1
 160 0020 1360     		str	r3, [r2]
  42:../bsp/bsp_key.c **** 			{
 161              		.loc 1 42 4 is_stmt 1 view .LVU37
  42:../bsp/bsp_key.c **** 			{
 162              		.loc 1 42 6 is_stmt 0 view .LVU38
 163 0022 052B     		cmp	r3, #5
 164 0024 04D0     		beq	.L10
 165              	.L7:
  47:../bsp/bsp_key.c **** 		}
 166              		.loc 1 47 4 is_stmt 1 view .LVU39
  47:../bsp/bsp_key.c **** 		}
 167              		.loc 1 47 20 is_stmt 0 view .LVU40
 168 0026 074A     		ldr	r2, .L11+8
 169 0028 1368     		ldr	r3, [r2]
 170 002a 0133     		adds	r3, r3, #1
 171 002c 1360     		str	r3, [r2]
 172              		.loc 1 49 1 view .LVU41
 173 002e EDE7     		b	.L5
 174              	.L10:
ARM GAS  C:\Users\28470\AppData\Local\Temp\ccEc2H8C.s 			page 5


  44:../bsp/bsp_key.c **** 				button_scan();
 175              		.loc 1 44 5 is_stmt 1 view .LVU42
  44:../bsp/bsp_key.c **** 				button_scan();
 176              		.loc 1 44 22 is_stmt 0 view .LVU43
 177 0030 1346     		mov	r3, r2
 178 0032 0022     		movs	r2, #0
 179 0034 1A60     		str	r2, [r3]
  45:../bsp/bsp_key.c **** 			}
 180              		.loc 1 45 5 is_stmt 1 view .LVU44
 181 0036 FFF7FEFF 		bl	button_scan
 182              	.LVL11:
 183 003a F4E7     		b	.L7
 184              	.L12:
 185              		.align	2
 186              	.L11:
 187 003c 00040040 		.word	1073742848
 188 0040 00000000 		.word	.LANCHOR0
 189 0044 00000000 		.word	.LANCHOR1
 190              		.cfi_endproc
 191              	.LFE30:
 193              		.section	.text.key_init,"ax",%progbits
 194              		.align	1
 195              		.global	key_init
 196              		.syntax unified
 197              		.thumb
 198              		.thumb_func
 200              	key_init:
 201              	.LFB31:
  50:../bsp/bsp_key.c **** 
  51:../bsp/bsp_key.c **** void key_init(void)
  52:../bsp/bsp_key.c **** {	
 202              		.loc 1 52 1 view -0
 203              		.cfi_startproc
 204              		@ args = 0, pretend = 0, frame = 8
 205              		@ frame_needed = 0, uses_anonymous_args = 0
 206 0000 30B5     		push	{r4, r5, lr}
 207              	.LCFI4:
 208              		.cfi_def_cfa_offset 12
 209              		.cfi_offset 4, -12
 210              		.cfi_offset 5, -8
 211              		.cfi_offset 14, -4
 212 0002 83B0     		sub	sp, sp, #12
 213              	.LCFI5:
 214              		.cfi_def_cfa_offset 24
  53:../bsp/bsp_key.c **** 	GPIO_InitTypeDef GPIO_InitStructure;
 215              		.loc 1 53 2 view .LVU46
  54:../bsp/bsp_key.c **** 
  55:../bsp/bsp_key.c ****  	RCC_APB2PeriphClockCmd(RCC_APB2Periph_GPIOA|RCC_APB2Periph_GPIOC,ENABLE);// πƒ‹PORTA,PORTC ±÷”
 216              		.loc 1 55 3 view .LVU47
 217 0004 0121     		movs	r1, #1
 218 0006 1420     		movs	r0, #20
 219 0008 FFF7FEFF 		bl	RCC_APB2PeriphClockCmd
 220              	.LVL12:
  56:../bsp/bsp_key.c **** 
  57:../bsp/bsp_key.c **** 	GPIO_PinRemapConfig(GPIO_Remap_SWJ_JTAGDisable, ENABLE);//πÿ±’jtag£¨ πƒ‹SWD£¨ø…“‘”√SWDƒ£ Ωµ˜ ‘
 221              		.loc 1 57 2 view .LVU48
 222 000c 0121     		movs	r1, #1
ARM GAS  C:\Users\28470\AppData\Local\Temp\ccEc2H8C.s 			page 6


 223 000e 1248     		ldr	r0, .L15
 224 0010 FFF7FEFF 		bl	GPIO_PinRemapConfig
 225              	.LVL13:
  58:../bsp/bsp_key.c **** 	
  59:../bsp/bsp_key.c **** 	GPIO_InitStructure.GPIO_Pin  = GPIO_Pin_15;//PA15
 226              		.loc 1 59 2 view .LVU49
 227              		.loc 1 59 31 is_stmt 0 view .LVU50
 228 0014 4FF40043 		mov	r3, #32768
 229 0018 ADF80430 		strh	r3, [sp, #4]	@ movhi
  60:../bsp/bsp_key.c **** 	GPIO_InitStructure.GPIO_Mode = GPIO_Mode_IPU; //…Ë÷√≥……œ¿≠ ‰»Î
 230              		.loc 1 60 2 is_stmt 1 view .LVU51
 231              		.loc 1 60 31 is_stmt 0 view .LVU52
 232 001c 4825     		movs	r5, #72
 233 001e 8DF80750 		strb	r5, [sp, #7]
  61:../bsp/bsp_key.c ****  	GPIO_Init(GPIOA, &GPIO_InitStructure);//≥ı ºªØGPIOA15
 234              		.loc 1 61 3 is_stmt 1 view .LVU53
 235 0022 0E4C     		ldr	r4, .L15+4
 236 0024 01A9     		add	r1, sp, #4
 237 0026 2046     		mov	r0, r4
 238 0028 FFF7FEFF 		bl	GPIO_Init
 239              	.LVL14:
  62:../bsp/bsp_key.c **** 	
  63:../bsp/bsp_key.c **** 	GPIO_InitStructure.GPIO_Pin  = GPIO_Pin_5;//PC5
 240              		.loc 1 63 2 view .LVU54
 241              		.loc 1 63 31 is_stmt 0 view .LVU55
 242 002c 2023     		movs	r3, #32
 243 002e ADF80430 		strh	r3, [sp, #4]	@ movhi
  64:../bsp/bsp_key.c **** 	GPIO_InitStructure.GPIO_Mode = GPIO_Mode_IPU; //…Ë÷√≥……œ¿≠ ‰»Î
 244              		.loc 1 64 2 is_stmt 1 view .LVU56
 245              		.loc 1 64 31 is_stmt 0 view .LVU57
 246 0032 8DF80750 		strb	r5, [sp, #7]
  65:../bsp/bsp_key.c ****  	GPIO_Init(GPIOC, &GPIO_InitStructure);//≥ı ºªØGPIOC5
 247              		.loc 1 65 3 is_stmt 1 view .LVU58
 248 0036 01A9     		add	r1, sp, #4
 249 0038 0948     		ldr	r0, .L15+8
 250 003a FFF7FEFF 		bl	GPIO_Init
 251              	.LVL15:
  66:../bsp/bsp_key.c ****  
  67:../bsp/bsp_key.c **** 	GPIO_InitStructure.GPIO_Pin  = GPIO_Pin_0;//PA0
 252              		.loc 1 67 2 view .LVU59
 253              		.loc 1 67 31 is_stmt 0 view .LVU60
 254 003e 0123     		movs	r3, #1
 255 0040 ADF80430 		strh	r3, [sp, #4]	@ movhi
  68:../bsp/bsp_key.c **** 	GPIO_InitStructure.GPIO_Mode = GPIO_Mode_IPD; //PA0…Ë÷√≥… ‰»Î£¨ƒ¨»œœ¬¿≠	  
 256              		.loc 1 68 2 is_stmt 1 view .LVU61
 257              		.loc 1 68 31 is_stmt 0 view .LVU62
 258 0044 2823     		movs	r3, #40
 259 0046 8DF80730 		strb	r3, [sp, #7]
  69:../bsp/bsp_key.c **** 	GPIO_Init(GPIOA, &GPIO_InitStructure);//≥ı ºªØGPIOA.0	
 260              		.loc 1 69 2 is_stmt 1 view .LVU63
 261 004a 01A9     		add	r1, sp, #4
 262 004c 2046     		mov	r0, r4
 263 004e FFF7FEFF 		bl	GPIO_Init
 264              	.LVL16:
  70:../bsp/bsp_key.c **** } 
 265              		.loc 1 70 1 is_stmt 0 view .LVU64
 266 0052 03B0     		add	sp, sp, #12
ARM GAS  C:\Users\28470\AppData\Local\Temp\ccEc2H8C.s 			page 7


 267              	.LCFI6:
 268              		.cfi_def_cfa_offset 12
 269              		@ sp needed
 270 0054 30BD     		pop	{r4, r5, pc}
 271              	.L16:
 272 0056 00BF     		.align	2
 273              	.L15:
 274 0058 00023000 		.word	3146240
 275 005c 00080140 		.word	1073809408
 276 0060 00100140 		.word	1073811456
 277              		.cfi_endproc
 278              	.LFE31:
 280              		.global	current_time_5ms
 281              		.global	current_time_ms
 282              		.section	.bss.current_time_5ms,"aw",%nobits
 283              		.align	2
 284              		.set	.LANCHOR0,. + 0
 287              	current_time_5ms:
 288 0000 00000000 		.space	4
 289              		.section	.bss.current_time_ms,"aw",%nobits
 290              		.align	2
 291              		.set	.LANCHOR1,. + 0
 294              	current_time_ms:
 295 0000 00000000 		.space	4
 296              		.text
 297              	.Letext0:
 298              		.file 2 "g:\\software\\vscode_for_stm32\\2024-q4-armgcc\\10 2021.10\\arm-none-eabi\\include\\machi
 299              		.file 3 "g:\\software\\vscode_for_stm32\\2024-q4-armgcc\\10 2021.10\\arm-none-eabi\\include\\sys\\
 300              		.file 4 "../user/stm32f10x.h"
 301              		.file 5 "../stm32f10x_fwlib/inc/stm32f10x_gpio.h"
 302              		.file 6 "../stm32f10x_fwlib/inc/stm32f10x_tim.h"
 303              		.file 7 "../stm32f10x_fwlib/inc/misc.h"
 304              		.file 8 "../driver/button_drv.h"
 305              		.file 9 "../driver/rgb_drv.h"
 306              		.file 10 "../bsp/bsp_key.h"
 307              		.file 11 "../stm32f10x_fwlib/inc/stm32f10x_rcc.h"
ARM GAS  C:\Users\28470\AppData\Local\Temp\ccEc2H8C.s 			page 8


DEFINED SYMBOLS
                            *ABS*:00000000 bsp_key.c
C:\Users\28470\AppData\Local\Temp\ccEc2H8C.s:18     .text.tim3_int_init:00000000 $t
C:\Users\28470\AppData\Local\Temp\ccEc2H8C.s:24     .text.tim3_int_init:00000000 tim3_int_init
C:\Users\28470\AppData\Local\Temp\ccEc2H8C.s:113    .text.tim3_int_init:00000060 $d
C:\Users\28470\AppData\Local\Temp\ccEc2H8C.s:118    .text.TIM3_IRQHandler:00000000 $t
C:\Users\28470\AppData\Local\Temp\ccEc2H8C.s:124    .text.TIM3_IRQHandler:00000000 TIM3_IRQHandler
C:\Users\28470\AppData\Local\Temp\ccEc2H8C.s:187    .text.TIM3_IRQHandler:0000003c $d
C:\Users\28470\AppData\Local\Temp\ccEc2H8C.s:194    .text.key_init:00000000 $t
C:\Users\28470\AppData\Local\Temp\ccEc2H8C.s:200    .text.key_init:00000000 key_init
C:\Users\28470\AppData\Local\Temp\ccEc2H8C.s:274    .text.key_init:00000058 $d
C:\Users\28470\AppData\Local\Temp\ccEc2H8C.s:287    .bss.current_time_5ms:00000000 current_time_5ms
C:\Users\28470\AppData\Local\Temp\ccEc2H8C.s:294    .bss.current_time_ms:00000000 current_time_ms
C:\Users\28470\AppData\Local\Temp\ccEc2H8C.s:283    .bss.current_time_5ms:00000000 $d
C:\Users\28470\AppData\Local\Temp\ccEc2H8C.s:290    .bss.current_time_ms:00000000 $d

UNDEFINED SYMBOLS
RCC_APB1PeriphClockCmd
TIM_TimeBaseInit
TIM_ITConfig
NVIC_Init
TIM_Cmd
TIM_GetITStatus
TIM_ClearITPendingBit
rgb_scan
button_scan
RCC_APB2PeriphClockCmd
GPIO_PinRemapConfig
GPIO_Init
