ARM GAS  C:\Users\28470\AppData\Local\Temp\ccEuJPje.s 			page 1


   1              		.cpu cortex-m3
   2              		.arch armv7-m
   3              		.fpu softvfp
   4              		.eabi_attribute 20, 1
   5              		.eabi_attribute 21, 1
   6              		.eabi_attribute 23, 3
   7              		.eabi_attribute 24, 1
   8              		.eabi_attribute 25, 1
   9              		.eabi_attribute 26, 1
  10              		.eabi_attribute 30, 1
  11              		.eabi_attribute 34, 1
  12              		.eabi_attribute 18, 4
  13              		.file	"rgb_drv.c"
  14              		.text
  15              	.Ltext0:
  16              		.cfi_sections	.debug_frame
  17              		.section	.text.RGB_Handler,"ax",%progbits
  18              		.align	1
  19              		.syntax unified
  20              		.thumb
  21              		.thumb_func
  23              	RGB_Handler:
  24              	.LVL0:
  25              	.LFB3:
  26              		.file 1 "../driver/rgb_drv.c"
   1:../driver/rgb_drv.c **** #include "rgb_drv.h"
   2:../driver/rgb_drv.c **** // 绑定控制样式函数
   3:../driver/rgb_drv.c **** // 修改 EVENT_FUNC_EXECUTE 宏以传递 start_index 和 length 参数
   4:../driver/rgb_drv.c **** #define EVENT_FUNC_EXECUTE(pstRgb, Event, start_index, length)        \
   5:../driver/rgb_drv.c ****     do                                          \
   6:../driver/rgb_drv.c ****     {                                           \
   7:../driver/rgb_drv.c ****         if (pstRgb->func[Event])                        \
   8:../driver/rgb_drv.c ****         {                                           \
   9:../driver/rgb_drv.c ****             pstRgb->func[Event](pstRgb, start_index, length);   \
  10:../driver/rgb_drv.c ****         }                                           \
  11:../driver/rgb_drv.c ****     } while(0)
  12:../driver/rgb_drv.c **** 
  13:../driver/rgb_drv.c **** /**@brief RBG事件链表头指针定义 */    
  14:../driver/rgb_drv.c **** static RGBController_t *s_pstRgbListHead = NULL;
  15:../driver/rgb_drv.c **** 
  16:../driver/rgb_drv.c **** /**@brief RGB初始化
  17:../driver/rgb_drv.c ****  *
  18:../driver/rgb_drv.c ****  * @param[in] controller   指向控制器结构
  19:../driver/rgb_drv.c ****  * @param[in] num_leds     指向RGB个数
  20:../driver/rgb_drv.c ****  * @param[in] RGBColor     指明控制颜色
  21:../driver/rgb_drv.c ****  *
  22:../driver/rgb_drv.c ****  */	
  23:../driver/rgb_drv.c **** uint8_t rgb_init(RGBController_t *pstRgb,uint8_t num_leds,uint8_t start_index,uint8_t length, RGBCo
  24:../driver/rgb_drv.c **** {
  25:../driver/rgb_drv.c **** 	RGBController_t *pstCurrRgb = s_pstRgbListHead;
  26:../driver/rgb_drv.c **** 	
  27:../driver/rgb_drv.c ****     pstRgb->num_leds = num_leds;
  28:../driver/rgb_drv.c ****     pstRgb->led_colors = led_colors;
  29:../driver/rgb_drv.c ****     /* 遍历RGB链表，查找当前当前模式是否已初始化 */
  30:../driver/rgb_drv.c ****     while (pstCurrRgb) 
  31:../driver/rgb_drv.c ****     {
  32:../driver/rgb_drv.c ****         if (pstCurrRgb == pstRgb) 
ARM GAS  C:\Users\28470\AppData\Local\Temp\ccEuJPje.s 			page 2


  33:../driver/rgb_drv.c ****         {
  34:../driver/rgb_drv.c **** 			/* RGB已初始化 */
  35:../driver/rgb_drv.c ****             return 0;  
  36:../driver/rgb_drv.c ****         }
  37:../driver/rgb_drv.c ****         pstCurrRgb = pstCurrRgb->Next;
  38:../driver/rgb_drv.c ****     }	
  39:../driver/rgb_drv.c **** 	pstRgb->State = 0;
  40:../driver/rgb_drv.c ****     pstRgb->start_index = start_index;
  41:../driver/rgb_drv.c **** 	pstRgb->length = length;
  42:../driver/rgb_drv.c **** 	pstRgb->num_leds = num_leds;
  43:../driver/rgb_drv.c ****     pstRgb->led_colors = led_colors;
  44:../driver/rgb_drv.c **** 	pstRgb->Event  = (INT8U)RGB_EVT_NONE;
  45:../driver/rgb_drv.c **** 	pstRgb->Next = s_pstRgbListHead;
  46:../driver/rgb_drv.c **** 	s_pstRgbListHead = pstRgb;
  47:../driver/rgb_drv.c **** 	return 1;
  48:../driver/rgb_drv.c **** }	
  49:../driver/rgb_drv.c **** 	
  50:../driver/rgb_drv.c **** /**@brief 绑定RGB模式事件功能回调
  51:../driver/rgb_drv.c ****  *
  52:../driver/rgb_drv.c ****  * @param[in] pstRgb    指向当前RGB
  53:../driver/rgb_drv.c ****  * @param[in] Event     指明按键事件 @ref RGB_Event_t
  54:../driver/rgb_drv.c ****  * @param[in] func  指向按键事件处理回调函数
  55:../driver/rgb_drv.c ****  *
  56:../driver/rgb_drv.c ****  * @retval 无
  57:../driver/rgb_drv.c ****  */	
  58:../driver/rgb_drv.c **** void rgb_attach(RGBController_t *pstBtn, RGB_Event_t Event, RgbCallback func)
  59:../driver/rgb_drv.c **** {
  60:../driver/rgb_drv.c ****     pstBtn->func[Event] = func;
  61:../driver/rgb_drv.c **** }	
  62:../driver/rgb_drv.c **** 	
  63:../driver/rgb_drv.c **** /**@brief 获取对应RGB事件
  64:../driver/rgb_drv.c ****  *
  65:../driver/rgb_drv.c ****  * @param[in] pstRgb  指向按键实体
  66:../driver/rgb_drv.c ****  *
  67:../driver/rgb_drv.c ****  * @retval 返回RGB事件 @ref  
  68:../driver/rgb_drv.c ****  */
  69:../driver/rgb_drv.c **** RGB_Event_t rgb_get_event(RGBController_t *pstRgb)
  70:../driver/rgb_drv.c **** {
  71:../driver/rgb_drv.c ****     return (RGB_Event_t)(pstRgb->Event);
  72:../driver/rgb_drv.c **** }	
  73:../driver/rgb_drv.c **** 	
  74:../driver/rgb_drv.c **** /**@brief 状态机处理 用于接收上位机控制状态
  75:../driver/rgb_drv.c ****  *
  76:../driver/rgb_drv.c ****  * @param[in] pstRgb  指向实体
  77:../driver/rgb_drv.c ****  *
  78:../driver/rgb_drv.c ****  * @retval 无
  79:../driver/rgb_drv.c ****  */
  80:../driver/rgb_drv.c **** static void RGB_Handler(RGBController_t *pstRgb)	
  81:../driver/rgb_drv.c **** {
  27              		.loc 1 81 1 view -0
  28              		.cfi_startproc
  29              		@ args = 0, pretend = 0, frame = 0
  30              		@ frame_needed = 0, uses_anonymous_args = 0
  31              		.loc 1 81 1 is_stmt 0 view .LVU1
  32 0000 10B5     		push	{r4, lr}
  33              	.LCFI0:
  34              		.cfi_def_cfa_offset 8
ARM GAS  C:\Users\28470\AppData\Local\Temp\ccEuJPje.s 			page 3


  35              		.cfi_offset 4, -8
  36              		.cfi_offset 14, -4
  37 0002 0446     		mov	r4, r0
  82:../driver/rgb_drv.c **** 	switch(pstRgb->State)
  38              		.loc 1 82 2 is_stmt 1 view .LVU2
  39              		.loc 1 82 15 is_stmt 0 view .LVU3
  40 0004 C378     		ldrb	r3, [r0, #3]	@ zero_extendqisi2
  41 0006 1B09     		lsrs	r3, r3, #4
  42              		.loc 1 82 2 view .LVU4
  43 0008 013B     		subs	r3, r3, #1
  44 000a 052B     		cmp	r3, #5
  45 000c 41D8     		bhi	.L1
  46 000e DFE803F0 		tbb	[pc, r3]
  47              	.L4:
  48 0012 03       		.byte	(.L9-.L4)/2
  49 0013 11       		.byte	(.L8-.L4)/2
  50 0014 20       		.byte	(.L7-.L4)/2
  51 0015 2B       		.byte	(.L6-.L4)/2
  52 0016 35       		.byte	(.L5-.L4)/2
  53 0017 41       		.byte	(.L3-.L4)/2
  54              		.p2align 1
  55              	.L9:
  83:../driver/rgb_drv.c **** 	{
  84:../driver/rgb_drv.c **** 		case 0x01:
  85:../driver/rgb_drv.c **** 			pstRgb->Event = (INT8U)RGB_EVT_MODE0;   /* 单色模式事件*/
  56              		.loc 1 85 4 is_stmt 1 view .LVU5
  57              		.loc 1 85 18 is_stmt 0 view .LVU6
  58 0018 C378     		ldrb	r3, [r0, #3]	@ zero_extendqisi2
  59 001a 6FF30303 		bfc	r3, #0, #4
  60 001e C370     		strb	r3, [r0, #3]
  86:../driver/rgb_drv.c **** 			EVENT_FUNC_EXECUTE(pstRgb, RGB_EVT_MODE0, pstRgb->start_index, pstRgb->length);
  61              		.loc 1 86 4 is_stmt 1 view .LVU7
  62              		.loc 1 86 4 view .LVU8
  63 0020 4369     		ldr	r3, [r0, #20]
  64 0022 13B1     		cbz	r3, .L10
  65              		.loc 1 86 4 discriminator 1 view .LVU9
  66 0024 8278     		ldrb	r2, [r0, #2]	@ zero_extendqisi2
  67 0026 4178     		ldrb	r1, [r0, #1]	@ zero_extendqisi2
  68 0028 9847     		blx	r3
  69              	.LVL1:
  70              	.L10:
  71              		.loc 1 86 4 discriminator 3 view .LVU10
  87:../driver/rgb_drv.c **** 		    pstRgb->State = 0;
  72              		.loc 1 87 7 discriminator 3 view .LVU11
  73              		.loc 1 87 21 is_stmt 0 discriminator 3 view .LVU12
  74 002a E378     		ldrb	r3, [r4, #3]	@ zero_extendqisi2
  75 002c 6FF30713 		bfc	r3, #4, #4
  76 0030 E370     		strb	r3, [r4, #3]
  88:../driver/rgb_drv.c **** 			break;
  77              		.loc 1 88 4 is_stmt 1 discriminator 3 view .LVU13
  78 0032 2EE0     		b	.L1
  79              	.LVL2:
  80              	.L8:
  89:../driver/rgb_drv.c **** 		case 0x02:
  90:../driver/rgb_drv.c **** 			pstRgb->Event = (INT8U)RGB_EVT_MODE1;   /* 七色模式事件*/
  81              		.loc 1 90 4 view .LVU14
  82              		.loc 1 90 18 is_stmt 0 view .LVU15
ARM GAS  C:\Users\28470\AppData\Local\Temp\ccEuJPje.s 			page 4


  83 0034 C378     		ldrb	r3, [r0, #3]	@ zero_extendqisi2
  84 0036 0122     		movs	r2, #1
  85 0038 62F30303 		bfi	r3, r2, #0, #4
  86 003c C370     		strb	r3, [r0, #3]
  91:../driver/rgb_drv.c **** 			EVENT_FUNC_EXECUTE(pstRgb, RGB_EVT_MODE1, pstRgb->start_index, pstRgb->length);
  87              		.loc 1 91 4 is_stmt 1 view .LVU16
  88              		.loc 1 91 4 view .LVU17
  89 003e 8369     		ldr	r3, [r0, #24]
  90 0040 13B1     		cbz	r3, .L11
  91              		.loc 1 91 4 discriminator 1 view .LVU18
  92 0042 8278     		ldrb	r2, [r0, #2]	@ zero_extendqisi2
  93 0044 4178     		ldrb	r1, [r0, #1]	@ zero_extendqisi2
  94 0046 9847     		blx	r3
  95              	.LVL3:
  96              	.L11:
  97              		.loc 1 91 4 discriminator 3 view .LVU19
  92:../driver/rgb_drv.c **** 			pstRgb->State = 0;
  98              		.loc 1 92 4 discriminator 3 view .LVU20
  99              		.loc 1 92 18 is_stmt 0 discriminator 3 view .LVU21
 100 0048 E378     		ldrb	r3, [r4, #3]	@ zero_extendqisi2
 101 004a 6FF30713 		bfc	r3, #4, #4
 102 004e E370     		strb	r3, [r4, #3]
  93:../driver/rgb_drv.c **** 			break;
 103              		.loc 1 93 4 is_stmt 1 discriminator 3 view .LVU22
 104 0050 1FE0     		b	.L1
 105              	.LVL4:
 106              	.L7:
  94:../driver/rgb_drv.c **** 		case 0x03:
  95:../driver/rgb_drv.c **** 			pstRgb->Event = (INT8U)RGB_EVT_MODE2;   /* 单色渐变事件*/
 107              		.loc 1 95 4 view .LVU23
 108              		.loc 1 95 18 is_stmt 0 view .LVU24
 109 0052 C378     		ldrb	r3, [r0, #3]	@ zero_extendqisi2
 110 0054 0222     		movs	r2, #2
 111 0056 62F30303 		bfi	r3, r2, #0, #4
 112 005a C370     		strb	r3, [r0, #3]
  96:../driver/rgb_drv.c **** 			EVENT_FUNC_EXECUTE(pstRgb, RGB_EVT_MODE2, pstRgb->start_index, pstRgb->length);
 113              		.loc 1 96 4 is_stmt 1 view .LVU25
 114              		.loc 1 96 4 view .LVU26
 115 005c C369     		ldr	r3, [r0, #28]
 116 005e C3B1     		cbz	r3, .L1
 117              		.loc 1 96 4 discriminator 1 view .LVU27
 118 0060 8278     		ldrb	r2, [r0, #2]	@ zero_extendqisi2
 119 0062 4178     		ldrb	r1, [r0, #1]	@ zero_extendqisi2
 120 0064 9847     		blx	r3
 121              	.LVL5:
 122              		.loc 1 96 4 is_stmt 0 discriminator 1 view .LVU28
 123 0066 14E0     		b	.L1
 124              	.LVL6:
 125              	.L6:
  97:../driver/rgb_drv.c **** 			break;
  98:../driver/rgb_drv.c **** 		case 0x04:
  99:../driver/rgb_drv.c **** 			pstRgb->Event = (INT8U)RGB_EVT_MODE3;   /* 七色呼吸模式事件*/
 126              		.loc 1 99 4 is_stmt 1 view .LVU29
 127              		.loc 1 99 18 is_stmt 0 view .LVU30
 128 0068 C378     		ldrb	r3, [r0, #3]	@ zero_extendqisi2
 129 006a 0322     		movs	r2, #3
 130 006c 62F30303 		bfi	r3, r2, #0, #4
ARM GAS  C:\Users\28470\AppData\Local\Temp\ccEuJPje.s 			page 5


 131 0070 C370     		strb	r3, [r0, #3]
 100:../driver/rgb_drv.c **** 			EVENT_FUNC_EXECUTE(pstRgb, RGB_EVT_MODE3, pstRgb->start_index, pstRgb->length);
 132              		.loc 1 100 4 is_stmt 1 view .LVU31
 133              		.loc 1 100 4 view .LVU32
 134 0072 036A     		ldr	r3, [r0, #32]
 135 0074 13B1     		cbz	r3, .L5
 136              		.loc 1 100 4 discriminator 1 view .LVU33
 137 0076 8278     		ldrb	r2, [r0, #2]	@ zero_extendqisi2
 138 0078 4178     		ldrb	r1, [r0, #1]	@ zero_extendqisi2
 139 007a 9847     		blx	r3
 140              	.LVL7:
 141              	.L5:
 142              		.loc 1 100 4 discriminator 3 view .LVU34
 101:../driver/rgb_drv.c **** 		case 0x05:
 102:../driver/rgb_drv.c **** 			pstRgb->Event = (INT8U)RGB_EVT_MODE4;   /* 七色呼吸同步模式事件*/
 143              		.loc 1 102 4 discriminator 3 view .LVU35
 144              		.loc 1 102 18 is_stmt 0 discriminator 3 view .LVU36
 145 007c E378     		ldrb	r3, [r4, #3]	@ zero_extendqisi2
 146 007e 0422     		movs	r2, #4
 147 0080 62F30303 		bfi	r3, r2, #0, #4
 148 0084 E370     		strb	r3, [r4, #3]
 103:../driver/rgb_drv.c **** 			EVENT_FUNC_EXECUTE(pstRgb, RGB_EVT_MODE4, pstRgb->start_index, pstRgb->length);		
 149              		.loc 1 103 4 is_stmt 1 discriminator 3 view .LVU37
 150              		.loc 1 103 4 discriminator 3 view .LVU38
 151 0086 636A     		ldr	r3, [r4, #36]
 152 0088 1BB1     		cbz	r3, .L1
 153              		.loc 1 103 4 discriminator 1 view .LVU39
 154 008a A278     		ldrb	r2, [r4, #2]	@ zero_extendqisi2
 155 008c 6178     		ldrb	r1, [r4, #1]	@ zero_extendqisi2
 156 008e 2046     		mov	r0, r4
 157 0090 9847     		blx	r3
 158              	.LVL8:
 159              	.L1:
 104:../driver/rgb_drv.c **** 			break;
 105:../driver/rgb_drv.c **** 		case 0x06:
 106:../driver/rgb_drv.c **** 			pstRgb->Event = (INT8U)RGB_EVT_MODE5;   /* 七色流水灯事件*/
 107:../driver/rgb_drv.c **** 			EVENT_FUNC_EXECUTE(pstRgb, RGB_EVT_MODE5, pstRgb->start_index, pstRgb->length);		
 108:../driver/rgb_drv.c **** 			break;
 109:../driver/rgb_drv.c **** 		    /*user add*/
 110:../driver/rgb_drv.c **** 		    
 111:../driver/rgb_drv.c **** 		default:
 112:../driver/rgb_drv.c **** 			break;
 113:../driver/rgb_drv.c **** 	}
 114:../driver/rgb_drv.c **** 	
 115:../driver/rgb_drv.c **** }	
 160              		.loc 1 115 1 is_stmt 0 view .LVU40
 161 0092 10BD     		pop	{r4, pc}
 162              	.LVL9:
 163              	.L3:
 106:../driver/rgb_drv.c **** 			EVENT_FUNC_EXECUTE(pstRgb, RGB_EVT_MODE5, pstRgb->start_index, pstRgb->length);		
 164              		.loc 1 106 4 is_stmt 1 view .LVU41
 106:../driver/rgb_drv.c **** 			EVENT_FUNC_EXECUTE(pstRgb, RGB_EVT_MODE5, pstRgb->start_index, pstRgb->length);		
 165              		.loc 1 106 18 is_stmt 0 view .LVU42
 166 0094 C378     		ldrb	r3, [r0, #3]	@ zero_extendqisi2
 167 0096 0522     		movs	r2, #5
 168 0098 62F30303 		bfi	r3, r2, #0, #4
 169 009c C370     		strb	r3, [r0, #3]
ARM GAS  C:\Users\28470\AppData\Local\Temp\ccEuJPje.s 			page 6


 107:../driver/rgb_drv.c **** 			break;
 170              		.loc 1 107 4 is_stmt 1 view .LVU43
 107:../driver/rgb_drv.c **** 			break;
 171              		.loc 1 107 4 view .LVU44
 172 009e 836A     		ldr	r3, [r0, #40]
 173 00a0 002B     		cmp	r3, #0
 174 00a2 F6D0     		beq	.L1
 107:../driver/rgb_drv.c **** 			break;
 175              		.loc 1 107 4 discriminator 1 view .LVU45
 176 00a4 8278     		ldrb	r2, [r0, #2]	@ zero_extendqisi2
 177 00a6 4178     		ldrb	r1, [r0, #1]	@ zero_extendqisi2
 178 00a8 9847     		blx	r3
 179              	.LVL10:
 180              		.loc 1 115 1 is_stmt 0 discriminator 1 view .LVU46
 181 00aa F2E7     		b	.L1
 182              		.cfi_endproc
 183              	.LFE3:
 185              		.section	.text.rgb_init,"ax",%progbits
 186              		.align	1
 187              		.global	rgb_init
 188              		.syntax unified
 189              		.thumb
 190              		.thumb_func
 192              	rgb_init:
 193              	.LVL11:
 194              	.LFB0:
  24:../driver/rgb_drv.c **** 	RGBController_t *pstCurrRgb = s_pstRgbListHead;
 195              		.loc 1 24 1 is_stmt 1 view -0
 196              		.cfi_startproc
 197              		@ args = 4, pretend = 0, frame = 0
 198              		@ frame_needed = 0, uses_anonymous_args = 0
 199              		@ link register save eliminated.
  24:../driver/rgb_drv.c **** 	RGBController_t *pstCurrRgb = s_pstRgbListHead;
 200              		.loc 1 24 1 is_stmt 0 view .LVU48
 201 0000 10B4     		push	{r4}
 202              	.LCFI1:
 203              		.cfi_def_cfa_offset 4
 204              		.cfi_offset 4, -4
  25:../driver/rgb_drv.c **** 	
 205              		.loc 1 25 2 is_stmt 1 view .LVU49
  25:../driver/rgb_drv.c **** 	
 206              		.loc 1 25 19 is_stmt 0 view .LVU50
 207 0002 0F4C     		ldr	r4, .L21
 208 0004 2468     		ldr	r4, [r4]
 209              	.LVL12:
  27:../driver/rgb_drv.c ****     pstRgb->led_colors = led_colors;
 210              		.loc 1 27 5 is_stmt 1 view .LVU51
  27:../driver/rgb_drv.c ****     pstRgb->led_colors = led_colors;
 211              		.loc 1 27 22 is_stmt 0 view .LVU52
 212 0006 0170     		strb	r1, [r0]
  28:../driver/rgb_drv.c ****     /* 遍历RGB链表，查找当前当前模式是否已初始化 */
 213              		.loc 1 28 5 is_stmt 1 view .LVU53
  28:../driver/rgb_drv.c ****     /* 遍历RGB链表，查找当前当前模式是否已初始化 */
 214              		.loc 1 28 24 is_stmt 0 view .LVU54
 215 0008 0199     		ldr	r1, [sp, #4]
 216              	.LVL13:
  28:../driver/rgb_drv.c ****     /* 遍历RGB链表，查找当前当前模式是否已初始化 */
ARM GAS  C:\Users\28470\AppData\Local\Temp\ccEuJPje.s 			page 7


 217              		.loc 1 28 24 view .LVU55
 218 000a 4160     		str	r1, [r0, #4]
  30:../driver/rgb_drv.c ****     {
 219              		.loc 1 30 5 is_stmt 1 view .LVU56
  25:../driver/rgb_drv.c **** 	
 220              		.loc 1 25 19 is_stmt 0 view .LVU57
 221 000c 2146     		mov	r1, r4
  30:../driver/rgb_drv.c ****     {
 222              		.loc 1 30 11 view .LVU58
 223 000e 00E0     		b	.L14
 224              	.LVL14:
 225              	.L20:
  37:../driver/rgb_drv.c ****     }	
 226              		.loc 1 37 9 is_stmt 1 view .LVU59
  37:../driver/rgb_drv.c ****     }	
 227              		.loc 1 37 20 is_stmt 0 view .LVU60
 228 0010 C96A     		ldr	r1, [r1, #44]
 229              	.LVL15:
 230              	.L14:
  30:../driver/rgb_drv.c ****     {
 231              		.loc 1 30 11 is_stmt 1 view .LVU61
 232 0012 19B1     		cbz	r1, .L19
  32:../driver/rgb_drv.c ****         {
 233              		.loc 1 32 9 view .LVU62
  32:../driver/rgb_drv.c ****         {
 234              		.loc 1 32 12 is_stmt 0 view .LVU63
 235 0014 8142     		cmp	r1, r0
 236 0016 FBD1     		bne	.L20
  35:../driver/rgb_drv.c ****         }
 237              		.loc 1 35 20 view .LVU64
 238 0018 0020     		movs	r0, #0
 239              	.LVL16:
  35:../driver/rgb_drv.c ****         }
 240              		.loc 1 35 20 view .LVU65
 241 001a 0EE0     		b	.L15
 242              	.LVL17:
 243              	.L19:
  39:../driver/rgb_drv.c ****     pstRgb->start_index = start_index;
 244              		.loc 1 39 2 is_stmt 1 view .LVU66
  39:../driver/rgb_drv.c ****     pstRgb->start_index = start_index;
 245              		.loc 1 39 16 is_stmt 0 view .LVU67
 246 001c C178     		ldrb	r1, [r0, #3]	@ zero_extendqisi2
 247              	.LVL18:
  39:../driver/rgb_drv.c ****     pstRgb->start_index = start_index;
 248              		.loc 1 39 16 view .LVU68
 249 001e 6FF30711 		bfc	r1, #4, #4
 250 0022 C170     		strb	r1, [r0, #3]
  40:../driver/rgb_drv.c **** 	pstRgb->length = length;
 251              		.loc 1 40 5 is_stmt 1 view .LVU69
  40:../driver/rgb_drv.c **** 	pstRgb->length = length;
 252              		.loc 1 40 25 is_stmt 0 view .LVU70
 253 0024 4270     		strb	r2, [r0, #1]
  41:../driver/rgb_drv.c **** 	pstRgb->num_leds = num_leds;
 254              		.loc 1 41 2 is_stmt 1 view .LVU71
  41:../driver/rgb_drv.c **** 	pstRgb->num_leds = num_leds;
 255              		.loc 1 41 17 is_stmt 0 view .LVU72
 256 0026 8370     		strb	r3, [r0, #2]
ARM GAS  C:\Users\28470\AppData\Local\Temp\ccEuJPje.s 			page 8


  42:../driver/rgb_drv.c ****     pstRgb->led_colors = led_colors;
 257              		.loc 1 42 2 is_stmt 1 view .LVU73
  43:../driver/rgb_drv.c **** 	pstRgb->Event  = (INT8U)RGB_EVT_NONE;
 258              		.loc 1 43 5 view .LVU74
  44:../driver/rgb_drv.c **** 	pstRgb->Next = s_pstRgbListHead;
 259              		.loc 1 44 2 view .LVU75
  44:../driver/rgb_drv.c **** 	pstRgb->Next = s_pstRgbListHead;
 260              		.loc 1 44 17 is_stmt 0 view .LVU76
 261 0028 CBB2     		uxtb	r3, r1
 262              	.LVL19:
  44:../driver/rgb_drv.c **** 	pstRgb->Next = s_pstRgbListHead;
 263              		.loc 1 44 17 view .LVU77
 264 002a 0722     		movs	r2, #7
 265              	.LVL20:
  44:../driver/rgb_drv.c **** 	pstRgb->Next = s_pstRgbListHead;
 266              		.loc 1 44 17 view .LVU78
 267 002c 62F30303 		bfi	r3, r2, #0, #4
 268 0030 C370     		strb	r3, [r0, #3]
  45:../driver/rgb_drv.c **** 	s_pstRgbListHead = pstRgb;
 269              		.loc 1 45 2 is_stmt 1 view .LVU79
  45:../driver/rgb_drv.c **** 	s_pstRgbListHead = pstRgb;
 270              		.loc 1 45 15 is_stmt 0 view .LVU80
 271 0032 C462     		str	r4, [r0, #44]
  46:../driver/rgb_drv.c **** 	return 1;
 272              		.loc 1 46 2 is_stmt 1 view .LVU81
  46:../driver/rgb_drv.c **** 	return 1;
 273              		.loc 1 46 19 is_stmt 0 view .LVU82
 274 0034 024B     		ldr	r3, .L21
 275 0036 1860     		str	r0, [r3]
  47:../driver/rgb_drv.c **** }	
 276              		.loc 1 47 2 is_stmt 1 view .LVU83
  47:../driver/rgb_drv.c **** }	
 277              		.loc 1 47 9 is_stmt 0 view .LVU84
 278 0038 0120     		movs	r0, #1
 279              	.LVL21:
 280              	.L15:
  48:../driver/rgb_drv.c **** 	
 281              		.loc 1 48 1 view .LVU85
 282 003a 10BC     		pop	{r4}
 283              	.LCFI2:
 284              		.cfi_restore 4
 285              		.cfi_def_cfa_offset 0
 286              	.LVL22:
  48:../driver/rgb_drv.c **** 	
 287              		.loc 1 48 1 view .LVU86
 288 003c 7047     		bx	lr
 289              	.L22:
 290 003e 00BF     		.align	2
 291              	.L21:
 292 0040 00000000 		.word	.LANCHOR0
 293              		.cfi_endproc
 294              	.LFE0:
 296              		.section	.text.rgb_attach,"ax",%progbits
 297              		.align	1
 298              		.global	rgb_attach
 299              		.syntax unified
 300              		.thumb
ARM GAS  C:\Users\28470\AppData\Local\Temp\ccEuJPje.s 			page 9


 301              		.thumb_func
 303              	rgb_attach:
 304              	.LVL23:
 305              	.LFB1:
  59:../driver/rgb_drv.c ****     pstBtn->func[Event] = func;
 306              		.loc 1 59 1 is_stmt 1 view -0
 307              		.cfi_startproc
 308              		@ args = 0, pretend = 0, frame = 0
 309              		@ frame_needed = 0, uses_anonymous_args = 0
 310              		@ link register save eliminated.
  60:../driver/rgb_drv.c **** }	
 311              		.loc 1 60 5 view .LVU88
  60:../driver/rgb_drv.c **** }	
 312              		.loc 1 60 25 is_stmt 0 view .LVU89
 313 0000 0431     		adds	r1, r1, #4
 314              	.LVL24:
  60:../driver/rgb_drv.c **** }	
 315              		.loc 1 60 25 view .LVU90
 316 0002 00EB8100 		add	r0, r0, r1, lsl #2
 317              	.LVL25:
  60:../driver/rgb_drv.c **** }	
 318              		.loc 1 60 25 view .LVU91
 319 0006 4260     		str	r2, [r0, #4]
  61:../driver/rgb_drv.c **** 	
 320              		.loc 1 61 1 view .LVU92
 321 0008 7047     		bx	lr
 322              		.cfi_endproc
 323              	.LFE1:
 325              		.section	.text.rgb_get_event,"ax",%progbits
 326              		.align	1
 327              		.global	rgb_get_event
 328              		.syntax unified
 329              		.thumb
 330              		.thumb_func
 332              	rgb_get_event:
 333              	.LVL26:
 334              	.LFB2:
  70:../driver/rgb_drv.c ****     return (RGB_Event_t)(pstRgb->Event);
 335              		.loc 1 70 1 is_stmt 1 view -0
 336              		.cfi_startproc
 337              		@ args = 0, pretend = 0, frame = 0
 338              		@ frame_needed = 0, uses_anonymous_args = 0
 339              		@ link register save eliminated.
  71:../driver/rgb_drv.c **** }	
 340              		.loc 1 71 5 view .LVU94
  71:../driver/rgb_drv.c **** }	
 341              		.loc 1 71 32 is_stmt 0 view .LVU95
 342 0000 C078     		ldrb	r0, [r0, #3]	@ zero_extendqisi2
 343              	.LVL27:
  72:../driver/rgb_drv.c **** 	
 344              		.loc 1 72 1 view .LVU96
 345 0002 00F00F00 		and	r0, r0, #15
 346 0006 7047     		bx	lr
 347              		.cfi_endproc
 348              	.LFE2:
 350              		.section	.text.rgb_scan,"ax",%progbits
 351              		.align	1
ARM GAS  C:\Users\28470\AppData\Local\Temp\ccEuJPje.s 			page 10


 352              		.global	rgb_scan
 353              		.syntax unified
 354              		.thumb
 355              		.thumb_func
 357              	rgb_scan:
 358              	.LFB4:
 116:../driver/rgb_drv.c **** 	
 117:../driver/rgb_drv.c **** /**/
 118:../driver/rgb_drv.c **** /**@brief RGB模式扫描
 119:../driver/rgb_drv.c ****  *
 120:../driver/rgb_drv.c ****  * @note 应被周期性调用，建议时间1ms且为定时基准的整数倍
 121:../driver/rgb_drv.c ****  *
 122:../driver/rgb_drv.c ****  * @param 无
 123:../driver/rgb_drv.c ****  *
 124:../driver/rgb_drv.c ****  * @retval 无
 125:../driver/rgb_drv.c ****  */	
 126:../driver/rgb_drv.c **** 
 127:../driver/rgb_drv.c **** void rgb_scan(void)
 128:../driver/rgb_drv.c **** {
 359              		.loc 1 128 1 is_stmt 1 view -0
 360              		.cfi_startproc
 361              		@ args = 0, pretend = 0, frame = 0
 362              		@ frame_needed = 0, uses_anonymous_args = 0
 363 0000 10B5     		push	{r4, lr}
 364              	.LCFI3:
 365              		.cfi_def_cfa_offset 8
 366              		.cfi_offset 4, -8
 367              		.cfi_offset 14, -4
 129:../driver/rgb_drv.c **** 	RGBController_t *pstCurrRgb = s_pstRgbListHead;
 368              		.loc 1 129 2 view .LVU98
 369              		.loc 1 129 19 is_stmt 0 view .LVU99
 370 0002 054B     		ldr	r3, .L29
 371 0004 1C68     		ldr	r4, [r3]
 372              	.LVL28:
 130:../driver/rgb_drv.c **** 
 131:../driver/rgb_drv.c ****     /* 遍历RGB模式控制链表并依次处理 */
 132:../driver/rgb_drv.c ****     while (pstCurrRgb) 
 373              		.loc 1 132 5 is_stmt 1 view .LVU100
 374              		.loc 1 132 11 is_stmt 0 view .LVU101
 375 0006 03E0     		b	.L26
 376              	.L27:
 133:../driver/rgb_drv.c ****     {       
 134:../driver/rgb_drv.c ****         RGB_Handler(pstCurrRgb);
 377              		.loc 1 134 9 is_stmt 1 view .LVU102
 378 0008 2046     		mov	r0, r4
 379 000a FFF7FEFF 		bl	RGB_Handler
 380              	.LVL29:
 135:../driver/rgb_drv.c ****         pstCurrRgb = pstCurrRgb->Next;
 381              		.loc 1 135 9 view .LVU103
 382              		.loc 1 135 20 is_stmt 0 view .LVU104
 383 000e E46A     		ldr	r4, [r4, #44]
 384              	.LVL30:
 385              	.L26:
 132:../driver/rgb_drv.c ****     {       
 386              		.loc 1 132 11 is_stmt 1 view .LVU105
 387 0010 002C     		cmp	r4, #0
 388 0012 F9D1     		bne	.L27
ARM GAS  C:\Users\28470\AppData\Local\Temp\ccEuJPje.s 			page 11


 136:../driver/rgb_drv.c ****     }
 137:../driver/rgb_drv.c **** }
 389              		.loc 1 137 1 is_stmt 0 view .LVU106
 390 0014 10BD     		pop	{r4, pc}
 391              	.LVL31:
 392              	.L30:
 393              		.loc 1 137 1 view .LVU107
 394 0016 00BF     		.align	2
 395              	.L29:
 396 0018 00000000 		.word	.LANCHOR0
 397              		.cfi_endproc
 398              	.LFE4:
 400              		.section	.bss.s_pstRgbListHead,"aw",%nobits
 401              		.align	2
 402              		.set	.LANCHOR0,. + 0
 405              	s_pstRgbListHead:
 406 0000 00000000 		.space	4
 407              		.text
 408              	.Letext0:
 409              		.file 2 "../driver/general_type.h"
 410              		.file 3 "../driver/rgb_drv.h"
ARM GAS  C:\Users\28470\AppData\Local\Temp\ccEuJPje.s 			page 12


DEFINED SYMBOLS
                            *ABS*:00000000 rgb_drv.c
C:\Users\28470\AppData\Local\Temp\ccEuJPje.s:18     .text.RGB_Handler:00000000 $t
C:\Users\28470\AppData\Local\Temp\ccEuJPje.s:23     .text.RGB_Handler:00000000 RGB_Handler
C:\Users\28470\AppData\Local\Temp\ccEuJPje.s:48     .text.RGB_Handler:00000012 $d
C:\Users\28470\AppData\Local\Temp\ccEuJPje.s:54     .text.RGB_Handler:00000018 $t
C:\Users\28470\AppData\Local\Temp\ccEuJPje.s:186    .text.rgb_init:00000000 $t
C:\Users\28470\AppData\Local\Temp\ccEuJPje.s:192    .text.rgb_init:00000000 rgb_init
C:\Users\28470\AppData\Local\Temp\ccEuJPje.s:292    .text.rgb_init:00000040 $d
C:\Users\28470\AppData\Local\Temp\ccEuJPje.s:297    .text.rgb_attach:00000000 $t
C:\Users\28470\AppData\Local\Temp\ccEuJPje.s:303    .text.rgb_attach:00000000 rgb_attach
C:\Users\28470\AppData\Local\Temp\ccEuJPje.s:326    .text.rgb_get_event:00000000 $t
C:\Users\28470\AppData\Local\Temp\ccEuJPje.s:332    .text.rgb_get_event:00000000 rgb_get_event
C:\Users\28470\AppData\Local\Temp\ccEuJPje.s:351    .text.rgb_scan:00000000 $t
C:\Users\28470\AppData\Local\Temp\ccEuJPje.s:357    .text.rgb_scan:00000000 rgb_scan
C:\Users\28470\AppData\Local\Temp\ccEuJPje.s:396    .text.rgb_scan:00000018 $d
C:\Users\28470\AppData\Local\Temp\ccEuJPje.s:401    .bss.s_pstRgbListHead:00000000 $d
C:\Users\28470\AppData\Local\Temp\ccEuJPje.s:405    .bss.s_pstRgbListHead:00000000 s_pstRgbListHead

NO UNDEFINED SYMBOLS
